<?xml version="1.0" encoding="UTF-8"?>
<testng-results skipped="0" failed="0" ignored="0" total="1" passed="1">
  <reporter-output>
  </reporter-output>
  <suite name="Default suite" duration-ms="34383" started-at="2019-07-07T08:32:14Z" finished-at="2019-07-07T08:32:48Z">
    <groups>
    </groups>
    <test name="Default test" duration-ms="34383" started-at="2019-07-07T08:32:14Z" finished-at="2019-07-07T08:32:48Z">
      <class name="JenkinsTest">
        <test-method status="PASS" signature="browserlaunch()[pri:0, instance:JenkinsTest@7c0e2abd]" name="browserlaunch" duration-ms="34301" started-at="2019-07-07T08:32:14Z" finished-at="2019-07-07T08:32:48Z">
          <reporter-output>
          </reporter-output>
        </test-method> <!-- browserlaunch -->
      </class> <!-- JenkinsTest -->
    </test> <!-- Default test -->
  </suite> <!-- Default suite -->
</testng-results>
