<?xml version="1.0" encoding="UTF-8"?>
<testng-results skipped="0" failed="0" ignored="0" total="2" passed="2">
  <reporter-output>
  </reporter-output>
  <suite name="Default suite" duration-ms="97699" started-at="2019-07-22T10:33:31Z" finished-at="2019-07-22T10:35:09Z">
    <groups>
    </groups>
    <test name="Default test" duration-ms="97699" started-at="2019-07-22T10:33:31Z" finished-at="2019-07-22T10:35:09Z">
      <class name="com.testproject.TestCase1">
        <test-method status="PASS" signature="browser()[pri:0, instance:com.testproject.TestCase1@23ceabc1]" name="browser" is-config="true" duration-ms="10754" started-at="2019-07-22T10:33:31Z" finished-at="2019-07-22T10:33:42Z">
          <reporter-output>
          </reporter-output>
        </test-method> <!-- browser -->
        <test-method status="PASS" signature="myntra()[pri:0, instance:com.testproject.TestCase1@23ceabc1]" name="myntra" duration-ms="36267" started-at="2019-07-22T10:33:42Z" finished-at="2019-07-22T10:34:18Z">
          <reporter-output>
          </reporter-output>
        </test-method> <!-- myntra -->
        <test-method status="PASS" signature="closewindow()[pri:0, instance:com.testproject.TestCase1@23ceabc1]" name="closewindow" is-config="true" duration-ms="6530" started-at="2019-07-22T10:34:18Z" finished-at="2019-07-22T10:34:25Z">
          <reporter-output>
          </reporter-output>
        </test-method> <!-- closewindow -->
        <test-method status="PASS" signature="browser()[pri:0, instance:com.testproject.TestCase1@23ceabc1]" name="browser" is-config="true" duration-ms="7441" started-at="2019-07-22T10:34:25Z" finished-at="2019-07-22T10:34:32Z">
          <reporter-output>
          </reporter-output>
        </test-method> <!-- browser -->
        <test-method status="PASS" signature="shopclues()[pri:0, instance:com.testproject.TestCase1@23ceabc1]" name="shopclues" duration-ms="28316" started-at="2019-07-22T10:34:32Z" finished-at="2019-07-22T10:35:01Z">
          <reporter-output>
          </reporter-output>
        </test-method> <!-- shopclues -->
        <test-method status="PASS" signature="closewindow()[pri:0, instance:com.testproject.TestCase1@23ceabc1]" name="closewindow" is-config="true" duration-ms="8338" started-at="2019-07-22T10:35:01Z" finished-at="2019-07-22T10:35:09Z">
          <reporter-output>
          </reporter-output>
        </test-method> <!-- closewindow -->
      </class> <!-- com.testproject.TestCase1 -->
    </test> <!-- Default test -->
  </suite> <!-- Default suite -->
</testng-results>
